<?xml version="1.0" encoding="UTF-8"?>
<!-- Generated by org.testng.reporters.JUnitReportReporter -->
<testsuite hostname="max" failures="0" tests="2" name="cl.mauriciovera.test.UserApiTest" time="1.550" errors="0" timestamp="2025-09-07T17:13:42 CLST" skipped="0">
  <testcase classname="cl.mauriciovera.test.UserApiTest" name="obtenerUsuario_DebeRetornarUsuarioConId1YNombreJohnDoe" time="0.155"/>
  <testcase classname="cl.mauriciovera.test.UserApiTest" name="obtenerUsuario_DebeResponderEnMenosDe2Segundos" time="1.395"/>
</testsuite> <!-- cl.mauriciovera.test.UserApiTest -->
