<?xml version="1.0" encoding="UTF-8"?>
<!-- Generated by org.testng.reporters.JUnitReportReporter -->
<testsuite hostname="max" failures="0" tests="1" name="cl.mauriciovera.test.UserApiTest" time="1.494" errors="0" timestamp="2025-09-07T17:01:34 CLST" skipped="0">
  <testcase classname="cl.mauriciovera.test.UserApiTest" name="obtenerUsuario_DebeRetornarUsuarioConId1YNombreJohnDoe" time="1.494"/>
</testsuite> <!-- cl.mauriciovera.test.UserApiTest -->
