<?xml version="1.0" encoding="UTF-8"?>
<!-- Generated by org.testng.reporters.JUnitReportReporter -->
<testsuite hostname="max" failures="0" tests="5" name="cl.mauriciovera.test.UserApiParametrizadoTest" time="3.091" errors="0" timestamp="2025-09-07T17:28:26 CLST" skipped="0">
  <testcase classname="cl.mauriciovera.test.UserApiParametrizadoTest" name="obtenerUsuario_PorId_DebeCoincidirIdEnRespuesta" time="0.723"/>
  <testcase classname="cl.mauriciovera.test.UserApiParametrizadoTest" name="obtenerUsuario_PorId_DebeCoincidirIdEnRespuesta" time="0.153"/>
  <testcase classname="cl.mauriciovera.test.UserApiParametrizadoTest" name="obtenerUsuario_PorId_DebeCoincidirIdEnRespuesta" time="0.580"/>
  <testcase classname="cl.mauriciovera.test.UserApiParametrizadoTest" name="obtenerUsuario_PorId_DebeCoincidirIdEnRespuesta" time="0.237"/>
  <testcase classname="cl.mauriciovera.test.UserApiParametrizadoTest" name="obtenerUsuario_PorId_DebeCoincidirIdEnRespuesta" time="1.398"/>
</testsuite> <!-- cl.mauriciovera.test.UserApiParametrizadoTest -->
